{
  "stats": {
    "suites": 1,
    "tests": 1,
    "passes": 1,
    "pending": 0,
    "failures": 0,
    "start": "2025-07-01T02:24:31.126Z",
    "end": "2025-07-01T02:24:31.127Z",
    "duration": 1,
    "testsRegistered": 1,
    "passPercent": 100,
    "pendingPercent": 0,
    "other": 0,
    "hasOther": false,
    "skipped": 0,
    "hasSkipped": false
  },
  "results": [
    {
      "uuid": "da62fcc8-808c-4019-b020-1587de29fac7",
      "title": "",
      "fullFile": "/Users/prestonlai/team28/server/test/sanity.test.js",
      "file": "/test/sanity.test.js",
      "beforeHooks": [],
      "afterHooks": [],
      "tests": [],
      "suites": [
        {
          "uuid": "ab2fb8ee-be00-4849-aee0-281d80bae7a8",
          "title": "Sanity Check",
          "fullFile": "/Users/prestonlai/team28/server/test/sanity.test.js",
          "file": "/test/sanity.test.js",
          "beforeHooks": [],
          "afterHooks": [],
          "tests": [
            {
              "title": "should pass a basic truthy test",
              "fullTitle": "Sanity Check should pass a basic truthy test",
              "timedOut": false,
              "duration": 0,
              "state": "passed",
              "speed": "fast",
              "pass": true,
              "fail": false,
              "pending": false,
              "context": null,
              "code": "expect(true).to.be.true;",
              "err": {},
              "uuid": "c54087cd-a9ed-4e06-963d-49fd01b20f00",
              "parentUUID": "ab2fb8ee-be00-4849-aee0-281d80bae7a8",
              "isHook": false,
              "skipped": false
            }
          ],
          "suites": [],
          "passes": [
            "c54087cd-a9ed-4e06-963d-49fd01b20f00"
          ],
          "failures": [],
          "pending": [],
          "skipped": [],
          "duration": 0,
          "root": false,
          "rootEmpty": false,
          "_timeout": 2000
        }
      ],
      "passes": [],
      "failures": [],
      "pending": [],
      "skipped": [],
      "duration": 0,
      "root": true,
      "rootEmpty": true,
      "_timeout": 2000
    }
  ],
  "meta": {
    "mocha": {
      "version": "11.7.1"
    },
    "mochawesome": {
      "options": {
        "quiet": false,
        "reportFilename": "mochawesome",
        "saveHtml": true,
        "saveJson": true,
        "consoleReporter": "spec",
        "useInlineDiffs": false,
        "code": true
      },
      "version": "7.1.3"
    },
    "marge": {
      "options": null,
      "version": "6.2.0"
    }
  }
}