{
  "stats": {
    "suites": 2,
    "tests": 2,
    "passes": 2,
    "pending": 0,
    "failures": 0,
    "start": "2025-07-01T06:38:19.125Z",
    "end": "2025-07-01T06:38:19.262Z",
    "duration": 137,
    "testsRegistered": 2,
    "passPercent": 100,
    "pendingPercent": 0,
    "other": 0,
    "hasOther": false,
    "skipped": 0,
    "hasSkipped": false
  },
  "results": [
    {
      "uuid": "db13bbdd-d1a1-4c4e-a904-ab4aa8c9ad39",
      "title": "",
      "fullFile": "",
      "file": "",
      "beforeHooks": [],
      "afterHooks": [],
      "tests": [],
      "suites": [
        {
          "uuid": "9dee6c52-b601-47e9-b2db-dd19a5f91a5c",
          "title": "Sanity Check",
          "fullFile": "/Users/prestonlai/team28/server/test/sanity.test.js",
          "file": "/test/sanity.test.js",
          "beforeHooks": [],
          "afterHooks": [],
          "tests": [
            {
              "title": "should pass a basic truthy test",
              "fullTitle": "Sanity Check should pass a basic truthy test",
              "timedOut": false,
              "duration": 1,
              "state": "passed",
              "speed": "fast",
              "pass": true,
              "fail": false,
              "pending": false,
              "context": null,
              "code": "expect(true).to.be.true;",
              "err": {},
              "uuid": "73b88cd1-6bdd-418a-ae5a-8c5a3c734b9b",
              "parentUUID": "9dee6c52-b601-47e9-b2db-dd19a5f91a5c",
              "isHook": false,
              "skipped": false
            }
          ],
          "suites": [],
          "passes": [
            "73b88cd1-6bdd-418a-ae5a-8c5a3c734b9b"
          ],
          "failures": [],
          "pending": [],
          "skipped": [],
          "duration": 1,
          "root": false,
          "rootEmpty": false,
          "_timeout": 2000
        },
        {
          "uuid": "ccfa9304-2afa-433d-b472-31ed889f77b4",
          "title": "User API Endpoints",
          "fullFile": "/Users/prestonlai/team28/server/test/user.test.js",
          "file": "/test/user.test.js",
          "beforeHooks": [],
          "afterHooks": [],
          "tests": [
            {
              "title": "should create a new user",
              "fullTitle": "User API Endpoints should create a new user",
              "timedOut": false,
              "duration": 112,
              "state": "passed",
              "speed": "slow",
              "pass": true,
              "fail": false,
              "pending": false,
              "context": null,
              "code": "const res = await request(baseURL)\n\t.post('/users')\n\t.send(testUser);\nconsole.log('Create user response:', res.status, res.body);\nexpect(res.status).to.equal(201);\nexpect(res.body).to.have.property('_id');\nexpect(res.body.username).to.equal(testUser.username);\nexpect(res.body.email).to.equal(testUser.email);",
              "err": {},
              "uuid": "806e9ee5-4fd5-47a6-bf28-833706e03a73",
              "parentUUID": "ccfa9304-2afa-433d-b472-31ed889f77b4",
              "isHook": false,
              "skipped": false
            }
          ],
          "suites": [],
          "passes": [
            "806e9ee5-4fd5-47a6-bf28-833706e03a73"
          ],
          "failures": [],
          "pending": [],
          "skipped": [],
          "duration": 112,
          "root": false,
          "rootEmpty": false,
          "_timeout": 2000
        }
      ],
      "passes": [],
      "failures": [],
      "pending": [],
      "skipped": [],
      "duration": 0,
      "root": true,
      "rootEmpty": true,
      "_timeout": 2000
    }
  ],
  "meta": {
    "mocha": {
      "version": "11.7.1"
    },
    "mochawesome": {
      "options": {
        "quiet": false,
        "reportFilename": "mochawesome",
        "saveHtml": true,
        "saveJson": true,
        "consoleReporter": "spec",
        "useInlineDiffs": false,
        "code": true
      },
      "version": "7.1.3"
    },
    "marge": {
      "options": null,
      "version": "6.2.0"
    }
  }
}