{
  "stats": {
    "suites": 2,
    "tests": 3,
    "passes": 3,
    "pending": 0,
    "failures": 0,
    "start": "2025-07-01T20:59:50.866Z",
    "end": "2025-07-01T20:59:51.089Z",
    "duration": 223,
    "testsRegistered": 3,
    "passPercent": 100,
    "pendingPercent": 0,
    "other": 0,
    "hasOther": false,
    "skipped": 0,
    "hasSkipped": false
  },
  "results": [
    {
      "uuid": "352b4129-ab35-4c81-9ddf-a4b38545c882",
      "title": "",
      "fullFile": "",
      "file": "",
      "beforeHooks": [],
      "afterHooks": [],
      "tests": [],
      "suites": [
        {
          "uuid": "cc5b5383-4063-434f-a9b3-42219f01625d",
          "title": "Sanity Check",
          "fullFile": "/Users/prestonlai/team28/server/test/sanity.test.js",
          "file": "/test/sanity.test.js",
          "beforeHooks": [],
          "afterHooks": [],
          "tests": [
            {
              "title": "should pass a basic truthy test",
              "fullTitle": "Sanity Check should pass a basic truthy test",
              "timedOut": false,
              "duration": 1,
              "state": "passed",
              "speed": "fast",
              "pass": true,
              "fail": false,
              "pending": false,
              "context": null,
              "code": "expect(true).to.be.true;",
              "err": {},
              "uuid": "3ee930fe-a7ee-4da1-91ec-e4df5733dd80",
              "parentUUID": "cc5b5383-4063-434f-a9b3-42219f01625d",
              "isHook": false,
              "skipped": false
            }
          ],
          "suites": [],
          "passes": [
            "3ee930fe-a7ee-4da1-91ec-e4df5733dd80"
          ],
          "failures": [],
          "pending": [],
          "skipped": [],
          "duration": 1,
          "root": false,
          "rootEmpty": false,
          "_timeout": 2000
        },
        {
          "uuid": "fd3510dd-a59e-4aa0-8808-29c32b7a4521",
          "title": "User API Endpoints",
          "fullFile": "/Users/prestonlai/team28/server/test/user.test.js",
          "file": "/test/user.test.js",
          "beforeHooks": [],
          "afterHooks": [],
          "tests": [
            {
              "title": "should create a new user",
              "fullTitle": "User API Endpoints should create a new user",
              "timedOut": false,
              "duration": 132,
              "state": "passed",
              "speed": "slow",
              "pass": true,
              "fail": false,
              "pending": false,
              "context": null,
              "code": "const res = await request(baseURL)\n\t.post('/users')\n\t.send(testUser);\nconsole.log('Create user response:', res.status, res.body);\nexpect(res.status).to.equal(201);\nexpect(res.body).to.have.property('_id');\nexpect(res.body.username).to.equal(testUser.username);\nexpect(res.body.email).to.equal(testUser.email);",
              "err": {},
              "uuid": "0c8794cf-1864-49bf-b6c1-12c1534d4c4f",
              "parentUUID": "fd3510dd-a59e-4aa0-8808-29c32b7a4521",
              "isHook": false,
              "skipped": false
            },
            {
              "title": "should login the user",
              "fullTitle": "User API Endpoints should login the user",
              "timedOut": false,
              "duration": 72,
              "state": "passed",
              "speed": "medium",
              "pass": true,
              "fail": false,
              "pending": false,
              "context": null,
              "code": "const res = await request(baseURL)\n\t.post('/users/login')\n\t.send({ username: testUser.username, password: testUser.password });\nconsole.log('Login user response:', res.status, res.body);\nexpect(res.status).to.equal(200);\nexpect(res.body).to.have.property('username');",
              "err": {},
              "uuid": "c52532d5-dbe4-46a9-8ec4-1db7d5a41226",
              "parentUUID": "fd3510dd-a59e-4aa0-8808-29c32b7a4521",
              "isHook": false,
              "skipped": false
            }
          ],
          "suites": [],
          "passes": [
            "0c8794cf-1864-49bf-b6c1-12c1534d4c4f",
            "c52532d5-dbe4-46a9-8ec4-1db7d5a41226"
          ],
          "failures": [],
          "pending": [],
          "skipped": [],
          "duration": 204,
          "root": false,
          "rootEmpty": false,
          "_timeout": 2000
        }
      ],
      "passes": [],
      "failures": [],
      "pending": [],
      "skipped": [],
      "duration": 0,
      "root": true,
      "rootEmpty": true,
      "_timeout": 2000
    }
  ],
  "meta": {
    "mocha": {
      "version": "11.7.1"
    },
    "mochawesome": {
      "options": {
        "quiet": false,
        "reportFilename": "mochawesome",
        "saveHtml": true,
        "saveJson": true,
        "consoleReporter": "spec",
        "useInlineDiffs": false,
        "code": true
      },
      "version": "7.1.3"
    },
    "marge": {
      "options": null,
      "version": "6.2.0"
    }
  }
}